<?xml version="1.0" encoding="UTF-8"?>

<mule xmlns:http="http://www.mulesoft.org/schema/mule/http" xmlns="http://www.mulesoft.org/schema/mule/core"
	xmlns:doc="http://www.mulesoft.org/schema/mule/documentation"
	xmlns:xsi="http://www.w3.org/2001/XMLSchema-instance" xsi:schemaLocation="http://www.mulesoft.org/schema/mule/core http://www.mulesoft.org/schema/mule/core/current/mule.xsd
http://www.mulesoft.org/schema/mule/http http://www.mulesoft.org/schema/mule/http/current/mule-http.xsd">
	<http:listener-config name="HTTP_Listener_config" doc:name="HTTP Listener config" doc:id="ee87bd4b-e063-4777-8132-db95fa852601" >
		<http:listener-connection host="0.0.0.0" port="8081" />
	</http:listener-config>
	<flow name="test-apiFlow" doc:id="1e10b839-7b16-4b9f-95d3-f6ff312715a3" >
		<http:listener doc:name="Listener" doc:id="efd318c4-882b-4402-bfd0-150467149a3c" path="/test" config-ref="HTTP_Listener_config"/>
		<logger level="INFO" doc:name="Logger" doc:id="76eace8a-4a77-487f-8dd7-c8fad2079631" message="Flow Started"/>
	</flow>
</mule>
